<?xml version="1.0" encoding="UTF-8"?>
<testsuite xmlns:xsi="http://www.w3.org/2001/XMLSchema-instance" xsi:noNamespaceSchemaLocation="https://maven.apache.org/surefire/maven-surefire-plugin/xsd/surefire-test-report-3.0.xsd" version="3.0" name="MavenTest.SumCalculatorTest" time="0.101" tests="5" errors="0" skipped="0" failures="0">
  <properties>
[...]
</properties>
  <testcase name="testSumPositiveAndNegativeNumber" classname="MavenTest.SumCalculatorTest" time="0.048"/>
  <testcase name="testSumWithLargeNumbers" classname="MavenTest.SumCalculatorTest" time="0.006"/>
  <testcase name="testSumPositiveNumbers" classname="MavenTest.SumCalculatorTest" time="0.003"/>
  <testcase name="testSumNegativeNumbers" classname="MavenTest.SumCalculatorTest" time="0.003"/>
  <testcase name="testSumWithZero" classname="MavenTest.SumCalculatorTest" time="0.003"/>
</testsuite>